<?xml version="1.0" encoding="UTF-8"?>
<testsuite xmlns:xsi="http://www.w3.org/2001/XMLSchema-instance" xsi:noNamespaceSchemaLocation="https://maven.apache.org/surefire/maven-surefire-plugin/xsd/surefire-test-report.xsd" name="httpclientreqres.NewTest" time="27.088" tests="15" errors="0" skipped="0" failures="5">
  <properties>
[...]
</properties>
  <testcase name="test01ListUsers" classname="httpclientreqres.NewTest" time="1.391"/>
  <testcase name="test02SingleUser" classname="httpclientreqres.NewTest" time="1.297"/>
  <testcase name="test03SingleUserNotFound" classname="httpclientreqres.NewTest" time="0.96"/>
  <testcase name="test04ListResource" classname="httpclientreqres.NewTest" time="0.962"/>
  <testcase name="test05SingleResource" classname="httpclientreqres.NewTest" time="0.884"/>
  <testcase name="test06SingleResourceNotFound" classname="httpclientreqres.NewTest" time="10.36"/>
  <testcase name="test07Create" classname="httpclientreqres.NewTest" time="1.214">
    <failure message="expected:&lt;201&gt; but was:&lt;200&gt;" type="junit.framework.AssertionFailedError"><![CDATA[junit.framework.AssertionFailedError: expected:<201> but was:<200>
	at httpclientreqres.NewTest.test07Create(NewTest.java:100)
]]></failure>
    <system-out><![CDATA[Create Response Code: 200
]]></system-out>
  </testcase>
  <testcase name="test08Update" classname="httpclientreqres.NewTest" time="0.875"/>
  <testcase name="test09Patch" classname="httpclientreqres.NewTest" time="1.043"/>
  <testcase name="test10Delete" classname="httpclientreqres.NewTest" time="0.855">
    <failure message="expected:&lt;204&gt; but was:&lt;200&gt;" type="junit.framework.AssertionFailedError"><![CDATA[junit.framework.AssertionFailedError: expected:<204> but was:<200>
	at httpclientreqres.NewTest.test10Delete(NewTest.java:136)
]]></failure>
    <system-out><![CDATA[Delete Response Code: 200
]]></system-out>
  </testcase>
  <testcase name="test11RegisterSuccessful" classname="httpclientreqres.NewTest" time="0.707">
    <failure message="expected:&lt;204&gt; but was:&lt;200&gt;" type="junit.framework.AssertionFailedError"><![CDATA[junit.framework.AssertionFailedError: expected:<204> but was:<200>
	at httpclientreqres.NewTest.test11RegisterSuccessful(NewTest.java:149)
]]></failure>
    <system-out><![CDATA[Register Successful Response Code: 200
]]></system-out>
  </testcase>
  <testcase name="test12RegisterUnsuccessful" classname="httpclientreqres.NewTest" time="0.87">
    <failure message="expected:&lt;400&gt; but was:&lt;200&gt;" type="junit.framework.AssertionFailedError"><![CDATA[junit.framework.AssertionFailedError: expected:<400> but was:<200>
	at httpclientreqres.NewTest.test12RegisterUnsuccessful(NewTest.java:161)
]]></failure>
    <system-out><![CDATA[Register Successful Response Code: 200
]]></system-out>
  </testcase>
  <testcase name="test13LoginSuccessful" classname="httpclientreqres.NewTest" time="0.872"/>
  <testcase name="test14LoginUnSuccessful" classname="httpclientreqres.NewTest" time="0.693">
    <failure message="expected:&lt;400&gt; but was:&lt;200&gt;" type="junit.framework.AssertionFailedError"><![CDATA[junit.framework.AssertionFailedError: expected:<400> but was:<200>
	at httpclientreqres.NewTest.test14LoginUnSuccessful(NewTest.java:185)
]]></failure>
    <system-out><![CDATA[Login UnSuccessful Response Code: 200
]]></system-out>
  </testcase>
  <testcase name="test15DelayedResponse" classname="httpclientreqres.NewTest" time="3.858"/>
</testsuite>